<?xml version="1.0" encoding="UTF-8"?>
<!-- Generated by org.testng.reporters.JUnitReportReporter -->
<testsuite skipped="0" hostname="gaoyuandeMacBook-Pro.local" name="HR_API_TEST.basicTest" tests="5" failures="0" timestamp="27 Aug 2018 00:48:48 GMT" time="5.842" errors="0">
  <testcase name="postRequeste" time="3.352" classname="HR_API_TEST.basicTest"/>
  <testcase name="get" time="1.175" classname="HR_API_TEST.basicTest"/>
  <testcase name="put" time="1.122" classname="HR_API_TEST.basicTest"/>
  <testcase name="get2" time="0.078" classname="HR_API_TEST.basicTest"/>
  <testcase name="deleteTest" time="0.115" classname="HR_API_TEST.basicTest"/>
</testsuite> <!-- HR_API_TEST.basicTest -->
