<?xml version="1.0" encoding="UTF-8"?>
<!-- Generated by org.testng.reporters.JUnitReportReporter -->
<testsuite skipped="0" hostname="gaoyuandeMacBook-Pro.local" name="restAPI.REST_API.RestTest" tests="1" failures="0" timestamp="23 Aug 2018 00:41:07 GMT" time="1.626" errors="0">
  <testcase name="idTest2" time="1.626" classname="restAPI.REST_API.RestTest"/>
</testsuite> <!-- restAPI.REST_API.RestTest -->
