<?xml version="1.0" encoding="UTF-8"?>
<!-- Generated by org.testng.reporters.JUnitReportReporter -->
<testsuite skipped="0" hostname="gaoyuandeMacBook-Pro.local" name="restAPI.REST_API.TestWithHamcrest" tests="1" failures="0" timestamp="23 Aug 2018 00:20:08 GMT" time="0.015" errors="0">
  <testcase name="test1" time="0.015" classname="restAPI.REST_API.TestWithHamcrest"/>
</testsuite> <!-- restAPI.REST_API.TestWithHamcrest -->
