<?xml version="1.0" encoding="UTF-8"?>
<!-- Generated by org.testng.reporters.JUnitReportReporter -->
<testsuite skipped="0" hostname="gaoyuandeMacBook-Pro.local" name="UserAPI.JSonPath" tests="1" failures="0" timestamp="25 Aug 2018 21:34:49 GMT" time="1.616" errors="0">
  <testcase name="testJsonPath" time="1.616" classname="UserAPI.JSonPath"/>
</testsuite> <!-- UserAPI.JSonPath -->
