<?xml version="1.0" encoding="UTF-8"?>
<!-- Generated by org.testng.reporters.JUnitReportReporter -->
<testsuite skipped="0" hostname="gaoyuandeMacBook-Pro.local" name="restAPI.REST_API.TestHR" tests="1" failures="0" timestamp="15 Sep 2018 22:45:51 GMT" time="0.413" errors="1">
  <testcase name="test1" time="0.413" classname="restAPI.REST_API.TestHR">
    <error type="java.lang.IllegalArgumentException" message="Invalid number of path parameters. Expected 1, was 0. Undefined path parameters are: FIRST_NAME.">
      <![CDATA[java.lang.IllegalArgumentException: Invalid number of path parameters. Expected 1, was 0. Undefined path parameters are: FIRST_NAME.
at sun.reflect.NativeConstructorAccessorImpl.newInstance0(Native Method)
at sun.reflect.NativeConstructorAccessorImpl.newInstance(NativeConstructorAccessorImpl.java:62)
at sun.reflect.DelegatingConstructorAccessorImpl.newInstance(DelegatingConstructorAccessorImpl.java:45)
at java.lang.reflect.Constructor.newInstance(Constructor.java:423)
at org.codehaus.groovy.reflection.CachedConstructor.invoke(CachedConstructor.java:83)
at org.codehaus.groovy.reflection.CachedConstructor.doConstructorInvoke(CachedConstructor.java:77)
at org.codehaus.groovy.runtime.callsite.ConstructorSite$ConstructorSiteNoUnwrap.callConstructor(ConstructorSite.java:84)
at org.codehaus.groovy.runtime.callsite.CallSiteArray.defaultCallConstructor(CallSiteArray.java:60)
at org.codehaus.groovy.runtime.callsite.AbstractCallSite.callConstructor(AbstractCallSite.java:235)
at org.codehaus.groovy.runtime.callsite.AbstractCallSite.callConstructor(AbstractCallSite.java:247)
at io.restassured.internal.RequestSpecificationImpl.assertCorrectNumberOfPathParams(RequestSpecificationImpl.groovy:1341)
at sun.reflect.NativeMethodAccessorImpl.invoke0(Native Method)
at sun.reflect.NativeMethodAccessorImpl.invoke(NativeMethodAccessorImpl.java:62)
at sun.reflect.DelegatingMethodAccessorImpl.invoke(DelegatingMethodAccessorImpl.java:43)
at java.lang.reflect.Method.invoke(Method.java:498)
at org.codehaus.groovy.reflection.CachedMethod.invoke(CachedMethod.java:93)
at groovy.lang.MetaMethod.doMethodInvoke(MetaMethod.java:325)
at groovy.lang.MetaClassImpl.invokeMethod(MetaClassImpl.java:1213)
at groovy.lang.MetaClassImpl.invokeMethod(MetaClassImpl.java:1022)
at groovy.lang.MetaClassImpl.invokeMethod(MetaClassImpl.java:810)
at io.restassured.internal.RequestSpecificationImpl.invokeMethod(RequestSpecificationImpl.groovy)
at org.codehaus.groovy.runtime.callsite.PogoInterceptableSite.call(PogoInterceptableSite.java:48)
at org.codehaus.groovy.runtime.callsite.PogoInterceptableSite.callCurrent(PogoInterceptableSite.java:58)
at org.codehaus.groovy.runtime.callsite.CallSiteArray.defaultCallCurrent(CallSiteArray.java:52)
at org.codehaus.groovy.runtime.callsite.AbstractCallSite.callCurrent(AbstractCallSite.java:154)
at org.codehaus.groovy.runtime.callsite.AbstractCallSite.callCurrent(AbstractCallSite.java:158)
at io.restassured.internal.RequestSpecificationImpl.sendRequest(RequestSpecificationImpl.groovy:1228)
at sun.reflect.NativeMethodAccessorImpl.invoke0(Native Method)
at sun.reflect.NativeMethodAccessorImpl.invoke(NativeMethodAccessorImpl.java:62)
at sun.reflect.DelegatingMethodAccessorImpl.invoke(DelegatingMethodAccessorImpl.java:43)
at java.lang.reflect.Method.invoke(Method.java:498)
at org.codehaus.groovy.reflection.CachedMethod.invoke(CachedMethod.java:93)
at groovy.lang.MetaMethod.doMethodInvoke(MetaMethod.java:325)
at groovy.lang.MetaClassImpl.invokeMethod(MetaClassImpl.java:1213)
at groovy.lang.MetaClassImpl.invokeMethod(MetaClassImpl.java:1022)
at groovy.lang.MetaClassImpl.invokeMethod(MetaClassImpl.java:810)
at io.restassured.internal.RequestSpecificationImpl.invokeMethod(RequestSpecificationImpl.groovy)
at org.codehaus.groovy.runtime.callsite.PogoInterceptableSite.call(PogoInterceptableSite.java:48)
at org.codehaus.groovy.runtime.callsite.CallSiteArray.defaultCall(CallSiteArray.java:48)
at org.codehaus.groovy.runtime.callsite.AbstractCallSite.call(AbstractCallSite.java:113)
at org.codehaus.groovy.runtime.callsite.AbstractCallSite.call(AbstractCallSite.java:149)
at io.restassured.internal.filter.SendRequestFilter.filter(SendRequestFilter.groovy:30)
at io.restassured.filter.Filter$filter$0.call(Unknown Source)
at org.codehaus.groovy.runtime.callsite.CallSiteArray.defaultCall(CallSiteArray.java:48)
at io.restassured.filter.Filter$filter.call(Unknown Source)
at io.restassured.internal.filter.FilterContextImpl.next(FilterContextImpl.groovy:72)
at io.restassured.filter.time.TimingFilter.filter(TimingFilter.java:56)
at io.restassured.filter.Filter$filter.call(Unknown Source)
at org.codehaus.groovy.runtime.callsite.CallSiteArray.defaultCall(CallSiteArray.java:48)
at io.restassured.filter.Filter$filter.call(Unknown Source)
at io.restassured.internal.filter.FilterContextImpl.next(FilterContextImpl.groovy:72)
at io.restassured.filter.log.RequestLoggingFilter.filter(RequestLoggingFilter.java:124)
at io.restassured.filter.Filter$filter.call(Unknown Source)
at org.codehaus.groovy.runtime.callsite.CallSiteArray.defaultCall(CallSiteArray.java:48)
at org.codehaus.groovy.runtime.callsite.AbstractCallSite.call(AbstractCallSite.java:113)
at org.codehaus.groovy.runtime.callsite.AbstractCallSite.call(AbstractCallSite.java:141)
at io.restassured.internal.filter.FilterContextImpl.next(FilterContextImpl.groovy:72)
at io.restassured.filter.FilterContext$next.call(Unknown Source)
at org.codehaus.groovy.runtime.callsite.CallSiteArray.defaultCall(CallSiteArray.java:48)
at org.codehaus.groovy.runtime.callsite.AbstractCallSite.call(AbstractCallSite.java:113)
at org.codehaus.groovy.runtime.callsite.AbstractCallSite.call(AbstractCallSite.java:133)
at io.restassured.internal.RequestSpecificationImpl.applyPathParamsAndSendRequest(RequestSpecificationImpl.groovy:1744)
at sun.reflect.NativeMethodAccessorImpl.invoke0(Native Method)
at sun.reflect.NativeMethodAccessorImpl.invoke(NativeMethodAccessorImpl.java:62)
at sun.reflect.DelegatingMethodAccessorImpl.invoke(DelegatingMethodAccessorImpl.java:43)
at java.lang.reflect.Method.invoke(Method.java:498)
at org.codehaus.groovy.reflection.CachedMethod.invoke(CachedMethod.java:93)
at groovy.lang.MetaMethod.doMethodInvoke(MetaMethod.java:325)
at groovy.lang.MetaClassImpl.invokeMethod(MetaClassImpl.java:1213)
at groovy.lang.MetaClassImpl.invokeMethod(MetaClassImpl.java:1022)
at groovy.lang.MetaClassImpl.invokeMethod(MetaClassImpl.java:810)
at io.restassured.internal.RequestSpecificationImpl.invokeMethod(RequestSpecificationImpl.groovy)
at org.codehaus.groovy.runtime.callsite.PogoInterceptableSite.call(PogoInterceptableSite.java:48)
at org.codehaus.groovy.runtime.callsite.PogoInterceptableSite.callCurrent(PogoInterceptableSite.java:58)
at org.codehaus.groovy.runtime.callsite.CallSiteArray.defaultCallCurrent(CallSiteArray.java:52)
at org.codehaus.groovy.runtime.callsite.AbstractCallSite.callCurrent(AbstractCallSite.java:154)
at org.codehaus.groovy.runtime.callsite.AbstractCallSite.callCurrent(AbstractCallSite.java:182)
at io.restassured.internal.RequestSpecificationImpl.applyPathParamsAndSendRequest(RequestSpecificationImpl.groovy:1750)
at sun.reflect.NativeMethodAccessorImpl.invoke0(Native Method)
at sun.reflect.NativeMethodAccessorImpl.invoke(NativeMethodAccessorImpl.java:62)
at sun.reflect.DelegatingMethodAccessorImpl.invoke(DelegatingMethodAccessorImpl.java:43)
at java.lang.reflect.Method.invoke(Method.java:498)
at org.codehaus.groovy.reflection.CachedMethod.invoke(CachedMethod.java:93)
at groovy.lang.MetaMethod.doMethodInvoke(MetaMethod.java:325)
at groovy.lang.MetaClassImpl.invokeMethod(MetaClassImpl.java:1213)
at groovy.lang.MetaClassImpl.invokeMethod(MetaClassImpl.java:1022)
at groovy.lang.MetaClassImpl.invokeMethod(MetaClassImpl.java:810)
at io.restassured.internal.RequestSpecificationImpl.invokeMethod(RequestSpecificationImpl.groovy)
at org.codehaus.groovy.runtime.callsite.PogoInterceptableSite.call(PogoInterceptableSite.java:48)
at org.codehaus.groovy.runtime.callsite.PogoInterceptableSite.callCurrent(PogoInterceptableSite.java:58)
at org.codehaus.groovy.runtime.callsite.CallSiteArray.defaultCallCurrent(CallSiteArray.java:52)
at org.codehaus.groovy.runtime.callsite.AbstractCallSite.callCurrent(AbstractCallSite.java:154)
at org.codehaus.groovy.runtime.callsite.AbstractCallSite.callCurrent(AbstractCallSite.java:182)
at io.restassured.internal.RequestSpecificationImpl.get(RequestSpecificationImpl.groovy:171)
at io.restassured.internal.RequestSpecificationImpl.get(RequestSpecificationImpl.groovy)
at restAPI.REST_API.TestHR.test1(TestHR.java:28)
at sun.reflect.NativeMethodAccessorImpl.invoke0(Native Method)
at sun.reflect.NativeMethodAccessorImpl.invoke(NativeMethodAccessorImpl.java:62)
at sun.reflect.DelegatingMethodAccessorImpl.invoke(DelegatingMethodAccessorImpl.java:43)
at java.lang.reflect.Method.invoke(Method.java:498)
at org.testng.internal.MethodInvocationHelper.invokeMethod(MethodInvocationHelper.java:124)
at org.testng.internal.Invoker.invokeMethod(Invoker.java:580)
at org.testng.internal.Invoker.invokeTestMethod(Invoker.java:716)
at org.testng.internal.Invoker.invokeTestMethods(Invoker.java:988)
at org.testng.internal.TestMethodWorker.invokeTestMethods(TestMethodWorker.java:125)
at org.testng.internal.TestMethodWorker.run(TestMethodWorker.java:109)
at org.testng.TestRunner.privateRun(TestRunner.java:648)
at org.testng.TestRunner.run(TestRunner.java:505)
at org.testng.SuiteRunner.runTest(SuiteRunner.java:455)
at org.testng.SuiteRunner.runSequentially(SuiteRunner.java:450)
at org.testng.SuiteRunner.privateRun(SuiteRunner.java:415)
at org.testng.SuiteRunner.run(SuiteRunner.java:364)
at org.testng.SuiteRunnerWorker.runSuite(SuiteRunnerWorker.java:52)
at org.testng.SuiteRunnerWorker.run(SuiteRunnerWorker.java:84)
at org.testng.TestNG.runSuitesSequentially(TestNG.java:1208)
at org.testng.TestNG.runSuitesLocally(TestNG.java:1137)
at org.testng.TestNG.runSuites(TestNG.java:1049)
at org.testng.TestNG.run(TestNG.java:1017)
at org.testng.remote.AbstractRemoteTestNG.run(AbstractRemoteTestNG.java:114)
at org.testng.remote.RemoteTestNG.initAndRun(RemoteTestNG.java:251)
at org.testng.remote.RemoteTestNG.main(RemoteTestNG.java:77)
]]>
    </error>
  </testcase> <!-- test1 -->
</testsuite> <!-- restAPI.REST_API.TestHR -->
