<?xml version="1.0" encoding="UTF-8"?>
<!-- Generated by org.testng.reporters.JUnitReportReporter -->
<testsuite skipped="0" hostname="gaoyuandeMacBook-Pro.local" name="restAPI.JasonPath.JsonPath_PRACTICE2" tests="2" failures="0" timestamp="04 Oct 2018 01:41:01 GMT" time="2.526" errors="0">
  <testcase name="getAllDriverFirstName" time="1.788" classname="restAPI.JasonPath.JsonPath_PRACTICE2"/>
  <testcase name="simpleGetRequest" time="0.738" classname="restAPI.JasonPath.JsonPath_PRACTICE2"/>
</testsuite> <!-- restAPI.JasonPath.JsonPath_PRACTICE2 -->
