<?xml version="1.0" encoding="UTF-8"?>
<!-- Generated by org.testng.reporters.JUnitReportReporter -->
<testsuite skipped="0" hostname="gaoyuandeMacBook-Pro.local" name="restAPI.REST_API.RestAPITesting" tests="4" failures="0" timestamp="23 Aug 2018 02:08:52 GMT" time="2.751" errors="0">
  <testcase name="simpleGetrequest" time="1.752" classname="restAPI.REST_API.RestAPITesting"/>
  <testcase name="simplePostTest" time="0.308" classname="restAPI.REST_API.RestAPITesting"/>
  <testcase name="simplePutTest" time="0.445" classname="restAPI.REST_API.RestAPITesting"/>
  <testcase name="simpleDeleteTest" time="0.246" classname="restAPI.REST_API.RestAPITesting"/>
</testsuite> <!-- restAPI.REST_API.RestAPITesting -->
